<?xml version="1.0" encoding="UTF-8"?>
<testsuite xmlns:xsi="http://www.w3.org/2001/XMLSchema-instance" xsi:noNamespaceSchemaLocation="https://maven.apache.org/surefire/maven-surefire-plugin/xsd/surefire-test-report.xsd" version="3.0.1" name="TQS.lab8.ex1.sets.BoundedSetOfNaturalsTest" time="0.047" tests="6" errors="0" skipped="0" failures="0">
  <properties>
[...]
</properties>
  <testcase name="testAddElement" classname="TQS.lab8.ex1.sets.BoundedSetOfNaturalsTest" time="0.008"/>
  <testcase name="testContains" classname="TQS.lab8.ex1.sets.BoundedSetOfNaturalsTest" time="0.007"/>
  <testcase name="testHashCode" classname="TQS.lab8.ex1.sets.BoundedSetOfNaturalsTest" time="0.009"/>
  <testcase name="testEquals" classname="TQS.lab8.ex1.sets.BoundedSetOfNaturalsTest" time="0.004"/>
  <testcase name="testAddFromBadArray" classname="TQS.lab8.ex1.sets.BoundedSetOfNaturalsTest" time="0.004"/>
  <testcase name="testIntersects" classname="TQS.lab8.ex1.sets.BoundedSetOfNaturalsTest" time="0.003"/>
</testsuite>