<?xml version="1.0" encoding="UTF-8"?>
<testsuite xmlns:xsi="http://www.w3.org/2001/XMLSchema-instance" xsi:noNamespaceSchemaLocation="https://maven.apache.org/surefire/maven-surefire-plugin/xsd/surefire-test-report.xsd" version="3.0.1" name="TQS.lab5.ex3.BookSearchTest" time="10.774" tests="2" errors="0" skipped="0" failures="0">
  <properties>
[...]
</properties>
  <testcase name="Successful search for an existing book" classname="Book Search in Online Library" time="5.618"/>
  <testcase name="Searching for a book that does not exist" classname="Book Search in Online Library" time="5.053"/>
</testsuite>